[INFO] 04:57:49:462 File system/(141256:141256): IP de la memoria: 127.0.0.1
[INFO] 04:57:49:462 File system/(141256:141256): Puerto de la memoria: 127.0.0.1
[INFO] 13:54:57:753 File system/(6371:6371): IP de la memoria: 127.0.0.1
[INFO] 13:54:57:797 File system/(6371:6371): Puerto de la memoria: 127.0.0.1
[INFO] 14:03:31:573 File system/(6464:6464): IP de la memoria: 127.0.0.1
[INFO] 14:03:31:578 File system/(6464:6464): Puerto de la memoria: 127.0.0.1
[INFO] 14:04:07:922 File system/(6523:6523): IP de la memoria: 127.0.0.1
[INFO] 14:04:07:922 File system/(6523:6523): Puerto de la memoria: 8002
[INFO] 14:04:43:399 File system/(6560:6560): IP de la memoria: 127.0.0.1
[INFO] 14:04:43:400 File system/(6560:6560): Puerto de la memoria: 8002
[INFO] 21:54:22:528 File system/(5592:5592): Valores de configuracion leidos correctamente
[INFO] 21:54:22:528 File system/(5592:5592): Conexion con la memoria establecida correctamente
[INFO] 21:54:22:528 File system/(5592:5592): File system listo para recibir al Kernel
[INFO] 21:54:52:570 File system/(5616:5616): Valores de configuracion leidos correctamente
[INFO] 21:54:52:570 File system/(5616:5616): Conexion con la memoria establecida correctamente
[INFO] 21:54:52:570 File system/(5616:5616): File system listo para recibir al Kernel
[INFO] 21:56:38:302 File system/(5916:5916): Valores de configuracion leidos correctamente
[INFO] 21:56:38:302 File system/(5916:5916): Conexion con la memoria establecida correctamente
[INFO] 21:56:38:302 File system/(5916:5916): File system listo para recibir al Kernel
[INFO] 21:57:37:733 File system/(5961:5961): Valores de configuracion leidos correctamente
[INFO] 21:57:37:733 File system/(5961:5961): Conexion con la memoria establecida correctamente
[INFO] 21:57:37:734 File system/(5961:5961): File system listo para recibir al Kernel
[INFO] 21:57:39:974 File system/(5961:5961): Se conecto un cliente!
[ERROR] 21:57:44:462 File system/(5961:5961): el cliente se desconecto. Terminando servidor
[INFO] 21:57:46:033 File system/(5963:5963): Valores de configuracion leidos correctamente
[INFO] 21:57:46:033 File system/(5963:5963): Conexion con la memoria establecida correctamente
[INFO] 21:57:46:034 File system/(5963:5963): File system listo para recibir al Kernel
[INFO] 21:57:47:524 File system/(5963:5963): Se conecto un cliente!
[INFO] 21:58:04:444 File system/(5968:5968): Valores de configuracion leidos correctamente
[INFO] 21:58:04:445 File system/(5968:5968): Conexion con la memoria establecida correctamente
[INFO] 21:58:04:445 File system/(5968:5968): File system listo para recibir al Kernel
[INFO] 22:02:55:541 File system/(6074:6074): Valores de configuracion leidos correctamente
[INFO] 22:02:55:542 File system/(6074:6074): Conexion con la memoria establecida correctamente
[INFO] 22:02:55:542 File system/(6074:6074): Handshake realizado correctamente
[INFO] 22:02:55:542 File system/(6074:6074): File system listo para recibir al Kernel
[INFO] 22:03:12:423 File system/(6078:6078): Valores de configuracion leidos correctamente
[INFO] 22:03:12:423 File system/(6078:6078): Conexion con la memoria establecida correctamente
[INFO] 22:03:31:893 File system/(6080:6080): Valores de configuracion leidos correctamente
[INFO] 22:03:31:893 File system/(6080:6080): Conexion con la memoria establecida correctamente
[INFO] 22:04:48:035 File system/(6083:6083): Valores de configuracion leidos correctamente
[INFO] 22:04:48:035 File system/(6083:6083): Conexion con la memoria establecida correctamente
[INFO] 22:05:15:106 File system/(6088:6088): Valores de configuracion leidos correctamente
[INFO] 22:05:15:106 File system/(6088:6088): Conexion con la memoria establecida correctamente
[INFO] 22:05:15:106 File system/(6088:6088): Handshake realizado correctamente
[INFO] 22:05:15:106 File system/(6088:6088): File system listo para recibir al Kernel
[INFO] 22:18:38:186 File system/(6312:6312): Valores de configuracion leidos correctamente
[INFO] 22:18:38:186 File system/(6312:6312): Conexion con la memoria establecida correctamente
[ERROR] 14:05:30:191 FILE-SYSTEM/(4064:4064): Falta parametro del path del archivo de configuracion
[INFO] 15:58:25:433 FILE-SYSTEM/(4438:4438): Valores de configuracion leidos correctamente
[INFO] 15:58:25:434 FILE-SYSTEM/(4438:4438): Conexion con la memoria establecida correctamente
[INFO] 15:58:25:434 FILE-SYSTEM/(4438:4438): Handshake realizado correctamente
[INFO] 15:58:25:435 FILE-SYSTEM/(4438:4438): File system listo para recibir al Kernel
[INFO] 23:59:31:119 FILE-SYSTEM/(4762:4762): Valores de configuracion leidos correctamente
[INFO] 23:59:31:120 FILE-SYSTEM/(4762:4762): Conexion con la memoria establecida correctamente
[INFO] 23:59:31:121 FILE-SYSTEM/(4762:4762): Handshake realizado correctamente
[INFO] 23:59:31:121 FILE-SYSTEM/(4762:4762): File system listo para recibir al Kernel
[INFO] 00:49:45:812 FILE-SYSTEM/(4762:4762): Se conecto un cliente!
[ERROR] 00:53:29:341 FILE-SYSTEM/(4762:4762): el cliente se desconecto. Terminando servidor
[INFO] 04:27:02:869 FILE-SYSTEM/(3561:3561): Valores de configuracion leidos correctamente
[INFO] 04:27:02:886 FILE-SYSTEM/(3561:3561): Conexion con la memoria establecida correctamente
[INFO] 04:27:02:894 FILE-SYSTEM/(3561:3561): Handshake realizado correctamente
[INFO] 04:27:02:894 FILE-SYSTEM/(3561:3561): File system listo para recibir al Kernel
[INFO] 04:28:21:742 FILE-SYSTEM/(3673:3673): Valores de configuracion leidos correctamente
[INFO] 04:28:21:753 FILE-SYSTEM/(3673:3673): Conexion con la memoria establecida correctamente
[INFO] 04:28:21:758 FILE-SYSTEM/(3673:3673): Handshake realizado correctamente
[INFO] 04:28:21:759 FILE-SYSTEM/(3673:3673): File system listo para recibir al Kernel
[INFO] 04:28:37:063 FILE-SYSTEM/(3673:3673): Se conecto un cliente!
[ERROR] 04:48:48:221 FILE-SYSTEM/(3673:3673): el cliente se desconecto. Terminando servidor
[ERROR] 23:13:13:860 FILE-SYSTEM/(2659:2659): Falta parametro del path del archivo de configuracion
[INFO] 23:13:32:750 FILE-SYSTEM/(2669:2669): Valores de configuracion leidos correctamente
[INFO] 23:13:32:750 FILE-SYSTEM/(2669:2669): Conexion con la memoria establecida correctamente
[INFO] 23:13:32:750 FILE-SYSTEM/(2669:2669): Fallo al realizar el handshake
[INFO] 23:13:32:750 FILE-SYSTEM/(2669:2669): File system listo para recibir al Kernel
[INFO] 23:13:48:961 FILE-SYSTEM/(2697:2697): Valores de configuracion leidos correctamente
[INFO] 23:13:48:962 FILE-SYSTEM/(2697:2697): Conexion con la memoria establecida correctamente
[INFO] 23:13:57:853 FILE-SYSTEM/(2697:2697): Handshake realizado correctamente
[INFO] 23:13:57:854 FILE-SYSTEM/(2697:2697): File system listo para recibir al Kernel
[INFO] 23:34:34:046 FILE-SYSTEM/(3321:3321): Valores de configuracion leidos correctamente
[INFO] 23:34:34:046 FILE-SYSTEM/(3321:3321): Conexion con la memoria establecida correctamente
[INFO] 23:34:34:046 FILE-SYSTEM/(3321:3321): Fallo al realizar el handshake
[INFO] 23:34:34:046 FILE-SYSTEM/(3321:3321): File system listo para recibir al Kernel
[INFO] 23:34:39:726 FILE-SYSTEM/(3321:3321): Se conecto un cliente!
[WARNING] 23:34:39:726 FILE-SYSTEM/(3321:3321): Operacion desconocida. No quieras meter la pata
[INFO] 23:37:10:507 FILE-SYSTEM/(3674:3674): Valores de configuracion leidos correctamente
[INFO] 23:37:10:507 FILE-SYSTEM/(3674:3674): Conexion con la memoria establecida correctamente
[INFO] 23:37:10:507 FILE-SYSTEM/(3674:3674): Fallo al realizar el handshake
[INFO] 23:37:10:507 FILE-SYSTEM/(3674:3674): File system listo para recibir al Kernel
[INFO] 23:42:38:481 FILE-SYSTEM/(3886:3886): Valores de configuracion leidos correctamente
[INFO] 23:42:38:493 FILE-SYSTEM/(3886:3886): Conexion con la memoria establecida correctamente
[INFO] 23:42:38:493 FILE-SYSTEM/(3886:3886): Fallo al realizar el handshake
[INFO] 23:42:38:493 FILE-SYSTEM/(3886:3886): File system listo para recibir al Kernel
[INFO] 23:42:44:352 FILE-SYSTEM/(3886:3886): Se conecto un cliente!
[WARNING] 23:42:44:353 FILE-SYSTEM/(3886:3886): Operacion desconocida. No quieras meter la pata
[INFO] 23:42:59:725 FILE-SYSTEM/(3920:3920): Valores de configuracion leidos correctamente
[INFO] 23:42:59:728 FILE-SYSTEM/(3920:3920): Conexion con la memoria establecida correctamente
[INFO] 23:42:59:728 FILE-SYSTEM/(3920:3920): Fallo al realizar el handshake
[INFO] 23:42:59:728 FILE-SYSTEM/(3920:3920): File system listo para recibir al Kernel
[INFO] 23:43:24:460 FILE-SYSTEM/(3962:3962): Valores de configuracion leidos correctamente
[INFO] 23:43:24:468 FILE-SYSTEM/(3962:3962): Conexion con la memoria establecida correctamente
[INFO] 23:43:24:468 FILE-SYSTEM/(3962:3962): Fallo al realizar el handshake
[INFO] 23:43:24:468 FILE-SYSTEM/(3962:3962): File system listo para recibir al Kernel
[INFO] 23:49:00:695 FILE-SYSTEM/(4134:4134): Valores de configuracion leidos correctamente
[INFO] 23:49:00:695 FILE-SYSTEM/(4134:4134): Conexion con la memoria establecida correctamente
[INFO] 23:49:06:907 FILE-SYSTEM/(4147:4147): Valores de configuracion leidos correctamente
[INFO] 23:49:06:911 FILE-SYSTEM/(4147:4147): Conexion con la memoria establecida correctamente
[INFO] 23:49:32:716 FILE-SYSTEM/(4134:4134): Handshake realizado correctamente
[INFO] 23:49:32:717 FILE-SYSTEM/(4134:4134): File system listo para recibir al Kernel
[INFO] 23:49:48:692 FILE-SYSTEM/(4775:4775): Valores de configuracion leidos correctamente
[INFO] 23:49:48:694 FILE-SYSTEM/(4775:4775): Conexion con la memoria establecida correctamente
[INFO] 23:49:48:695 FILE-SYSTEM/(4775:4775): Fallo al realizar el handshake
[INFO] 23:49:48:696 FILE-SYSTEM/(4775:4775): File system listo para recibir al Kernel
[INFO] 23:50:02:172 FILE-SYSTEM/(4775:4775): Se conecto un cliente!
[WARNING] 23:50:02:172 FILE-SYSTEM/(4775:4775): Operacion desconocida. No quieras meter la pata
[INFO] 23:54:29:344 FILE-SYSTEM/(4827:4827): Valores de configuracion leidos correctamente
[INFO] 23:54:29:345 FILE-SYSTEM/(4827:4827): Conexion con la memoria establecida correctamente
[INFO] 23:54:58:003 FILE-SYSTEM/(4853:4853): Valores de configuracion leidos correctamente
[INFO] 23:54:58:008 FILE-SYSTEM/(4853:4853): Conexion con la memoria establecida correctamente
[INFO] 23:55:04:877 FILE-SYSTEM/(4866:4866): Valores de configuracion leidos correctamente
[INFO] 23:55:04:877 FILE-SYSTEM/(4866:4866): Conexion con la memoria establecida correctamente
