[INFO] 23:27:43:396 Memoria/(1989:1989): Memoria lista para recibir al CPU
[INFO] 23:38:06:760 Memoria/(2377:2377): Memoria lista para recibir al CPU
[INFO] 23:39:02:438 Memoria/(2446:2446): Memoria lista para recibir al CPU
[INFO] 23:39:19:281 Memoria/(2484:2484): Memoria lista para recibir al CPU
[INFO] 23:39:35:753 Memoria/(2508:2508): Memoria lista para recibir al CPU
[INFO] 11:43:36:572 Memoria/(2006:2006): Memoria lista para recibir al CPU, Kernel o File System
[INFO] 11:51:01:479 Memoria/(2260:2260): Memoria lista para recibir al CPU, Kernel o File System
[INFO] 11:51:44:376 Memoria/(2313:2313): 8002
[INFO] 11:51:44:376 Memoria/(2313:2313): Memoria lista para recibir al CPU, Kernel o File System
[INFO] 13:47:43:746 Memoria/(6283:6283): Memoria lista para recibir al CPU, Kernel o File System
[INFO] 13:52:27:604 Memoria/(6283:6283): Se conecto un cliente!
[ERROR] 13:52:57:367 Memoria/(6283:6283): el cliente se desconecto. Terminando servidor
[INFO] 17:59:55:255 Memoria/(1881:1881): Memoria lista para recibir al CPU, Kernel o File System
[INFO] 18:00:02:540 Memoria/(1881:1881): Se conecto un cliente!
[ERROR] 18:01:34:869 Memoria/(1881:1881): el cliente se desconecto. Terminando servidor
[INFO] 18:01:49:066 Memoria/(1994:1994): Memoria lista para recibir al CPU, Kernel o File System
[INFO] 18:02:09:688 Memoria/(1994:1994): Se conecto un cliente!
[ERROR] 18:02:39:092 Memoria/(1994:1994): el cliente se desconecto. Terminando servidor
[INFO] 18:03:36:621 Memoria/(2100:2100): Memoria lista para recibir al CPU, Kernel o File System
[INFO] 18:03:52:863 Memoria/(2100:2100): Se conecto un cliente!
[INFO] 18:03:52:866 Memoria/(2100:2100): Me llego el mensaje ok
[INFO] 19:04:54:404 Memoria/(3075:3075): Memoria lista para recibir al CPU, Kernel o File System
[INFO] 19:11:33:269 Memoria/(3415:3415): Memoria lista para recibir al CPU, Kernel o File System
[INFO] 19:11:44:530 Memoria/(3415:3415): Se conecto un cliente!
[INFO] 19:11:44:532 Memoria/(3415:3415): Handshake recibido correctamente
[ERROR] 19:12:01:250 Memoria/(3415:3415): el cliente se desconecto. Terminando servidor
[INFO] 19:13:04:341 Memoria/(3534:3534): Memoria lista para recibir al CPU, Kernel o File System
[INFO] 19:13:10:448 Memoria/(3534:3534): Se conecto un cliente!
[INFO] 19:13:10:448 Memoria/(3534:3534): Error al intentar handshake
[ERROR] 19:13:35:404 Memoria/(3534:3534): el cliente se desconecto. Terminando servidor
[INFO] 19:13:41:587 Memoria/(3582:3582): Memoria lista para recibir al CPU, Kernel o File System
[INFO] 19:13:47:147 Memoria/(3582:3582): Se conecto un cliente!
[INFO] 19:13:47:148 Memoria/(3582:3582): Handshake recibido correctamente
[ERROR] 19:13:50:200 Memoria/(3582:3582): el cliente se desconecto. Terminando servidor
[INFO] 19:15:30:936 Memoria/(7064:7064): Memoria lista para recibir al CPU, Kernel o File System
[INFO] 19:15:36:269 Memoria/(7064:7064): Se conecto un cliente!
[INFO] 19:15:36:270 Memoria/(7064:7064): Handshake recibido correctamente
[INFO] 21:54:49:330 Memoria/(5615:5615): Memoria lista para recibir al CPU, Kernel o File System
[INFO] 21:54:52:570 Memoria/(5615:5615): Se conecto un cliente!
[ERROR] 21:54:59:179 Memoria/(5615:5615): el cliente se desconecto. Terminando servidor
[ERROR] 14:05:21:190 MEMORIA/(4049:4049): Falta parametro del path del archivo de configuracion
[INFO] 15:57:05:865 MEMORIA/(4321:4321): Valores de configuracion leidos correctamente
[INFO] 15:57:05:866 MEMORIA/(4321:4321): Memoria lista para recibir al CPU, Kernel o File System
[INFO] 15:57:49:448 MEMORIA/(4321:4321): Se conecto un cliente!
[INFO] 15:57:49:449 MEMORIA/(4321:4423): Thread iniciado correctamente
[INFO] 15:58:25:434 MEMORIA/(4321:4321): Se conecto un cliente!
[INFO] 15:58:25:434 MEMORIA/(4321:4444): Thread iniciado correctamente
[INFO] 15:58:25:438 MEMORIA/(4321:4444): Handshake recibido correctamente
[INFO] 15:59:08:034 MEMORIA/(4321:4321): Se conecto un cliente!
[INFO] 15:59:08:042 MEMORIA/(4321:4579): Thread iniciado correctamente
[INFO] 15:59:08:042 MEMORIA/(4321:4579): Handshake recibido correctamente
[INFO] 17:06:41:594 MEMORIA/(4321:4423): Error al intentar handshake
[ERROR] 17:06:41:594 MEMORIA/(4321:4423): el cliente se desconecto. Terminando servidor
[INFO] 23:58:12:116 MEMORIA/(4527:4527): Valores de configuracion leidos correctamente
[INFO] 23:58:12:121 MEMORIA/(4527:4527): Memoria lista para recibir al CPU, Kernel o File System
[INFO] 23:59:24:462 MEMORIA/(4527:4527): Se conecto un cliente!
[INFO] 23:59:24:466 MEMORIA/(4527:4695): Thread iniciado correctamente
[INFO] 23:59:31:120 MEMORIA/(4527:4527): Se conecto un cliente!
[INFO] 23:59:31:121 MEMORIA/(4527:4767): Thread iniciado correctamente
[INFO] 23:59:31:121 MEMORIA/(4527:4767): Handshake recibido correctamente
[INFO] 23:59:38:207 MEMORIA/(4527:4527): Se conecto un cliente!
[INFO] 23:59:38:208 MEMORIA/(4527:4839): Thread iniciado correctamente
[INFO] 23:59:38:216 MEMORIA/(4527:4839): Handshake recibido correctamente
[INFO] 00:49:45:286 MEMORIA/(4527:4527): Se conecto un cliente!
[INFO] 00:49:45:286 MEMORIA/(4527:4527): Se superaron las conexiones maximas establecidas, cerrando memoria
