[INFO] 03:47:35:076 KERNEL/(2318:2318): Valores de configuracion leidos correctamente
[INFO] 03:47:35:082 KERNEL/(2318:2318): Memoria
[INFO] 03:47:35:090 KERNEL/(2318:2318): Fallo al realizar el handshake, cerrando conexion
[INFO] 03:47:35:090 KERNEL/(2318:2318): Cpu
[INFO] 03:47:35:090 KERNEL/(2318:2318): Se establecio correctamente la conexion
[INFO] 03:47:35:090 KERNEL/(2318:2318): File system
[INFO] 03:47:35:090 KERNEL/(2318:2318): Fallo al realizar el handshake, cerrando conexion
[INFO] 03:47:35:090 KERNEL/(2318:2318): Kernel listo para recibir Consolas
[INFO] 04:05:48:588 KERNEL/(2983:2983): Valores de configuracion leidos correctamente
[INFO] 04:05:48:595 KERNEL/(2983:2983): Memoria
[INFO] 04:05:48:598 KERNEL/(2983:2983): Fallo al realizar el handshake, cerrando conexion
[INFO] 04:05:48:601 KERNEL/(2983:2983): Cpu
[INFO] 04:05:48:601 KERNEL/(2983:2983): Se establecio correctamente la conexion
[INFO] 04:05:48:602 KERNEL/(2983:2983): File system
[INFO] 04:05:48:602 KERNEL/(2983:2983): Fallo al realizar el handshake, cerrando conexion
[INFO] 04:05:48:602 KERNEL/(2983:2983): Kernel listo para recibir Consolas
[INFO] 04:07:48:963 KERNEL/(3083:3083): Valores de configuracion leidos correctamente
[INFO] 04:07:48:979 KERNEL/(3083:3083): Memoria
[INFO] 04:07:48:979 KERNEL/(3083:3083): Fallo al realizar el handshake, cerrando conexion
[INFO] 04:07:48:980 KERNEL/(3083:3083): Cpu
[INFO] 04:07:48:980 KERNEL/(3083:3083): Fallo al realizar el handshake, cerrando conexion
[INFO] 04:07:48:981 KERNEL/(3083:3083): File system
[INFO] 04:07:48:981 KERNEL/(3083:3083): Fallo al realizar el handshake, cerrando conexion
[INFO] 04:07:48:983 KERNEL/(3083:3083): Kernel listo para recibir Consolas
[INFO] 04:08:14:493 KERNEL/(3099:3099): Valores de configuracion leidos correctamente
[INFO] 04:08:14:511 KERNEL/(3099:3099): Memoria
[INFO] 04:08:14:519 KERNEL/(3099:3099): Fallo al realizar el handshake, cerrando conexion
[INFO] 04:08:14:520 KERNEL/(3099:3099): Cpu
[INFO] 04:08:14:520 KERNEL/(3099:3099): Fallo al realizar el handshake, cerrando conexion
[INFO] 04:08:14:520 KERNEL/(3099:3099): File system
[INFO] 04:08:14:520 KERNEL/(3099:3099): Fallo al realizar el handshake, cerrando conexion
[INFO] 04:08:14:520 KERNEL/(3099:3099): Kernel listo para recibir Consolas
[INFO] 04:08:27:467 KERNEL/(3115:3115): Valores de configuracion leidos correctamente
[INFO] 04:08:27:476 KERNEL/(3115:3115): Memoria
[INFO] 04:08:27:482 KERNEL/(3115:3115): Fallo al realizar el handshake, cerrando conexion
[INFO] 04:08:27:482 KERNEL/(3115:3115): Cpu
[INFO] 04:08:27:482 KERNEL/(3115:3115): Fallo al realizar el handshake, cerrando conexion
[INFO] 04:08:27:484 KERNEL/(3115:3115): File system
[INFO] 04:08:27:484 KERNEL/(3115:3115): Fallo al realizar el handshake, cerrando conexion
[INFO] 04:08:27:484 KERNEL/(3115:3115): Kernel listo para recibir Consolas
[INFO] 04:09:27:987 KERNEL/(3115:3125): Se conecto un cliente!
[INFO] 04:09:27:990 KERNEL/(3115:3123): El proceso: 0 llego a estado new
[INFO] 04:09:27:990 KERNEL/(3115:3123): El proceso: 0 se agrego a la lista de ready
[INFO] 04:09:27:990 KERNEL/(3115:3120): Exec libre => estado_ready comienza a planificar
[INFO] 04:09:27:990 KERNEL/(3115:3122): El proceso: 0 llego a estado exec
[INFO] 04:09:27:990 KERNEL/(3115:3122): falle
[INFO] 04:09:27:990 KERNEL/(3115:3122): El proceso: 0 termino de ejecutar
[INFO] 04:09:47:957 KERNEL/(3115:3125): Se conecto un cliente!
[INFO] 04:09:47:964 KERNEL/(3115:3123): El proceso: 1 llego a estado new
[INFO] 04:09:47:964 KERNEL/(3115:3123): El proceso: 1 se agrego a la lista de ready
[INFO] 04:09:47:964 KERNEL/(3115:3120): Exec libre => estado_ready comienza a planificar
[INFO] 04:09:47:964 KERNEL/(3115:3122): El proceso: 1 llego a estado exec
[INFO] 04:09:47:965 KERNEL/(3115:3122): falle
[INFO] 04:09:47:965 KERNEL/(3115:3122): El proceso: 1 termino de ejecutar
[INFO] 04:10:58:034 KERNEL/(3194:3194): Valores de configuracion leidos correctamente
[INFO] 04:10:58:034 KERNEL/(3194:3194): Memoria
[INFO] 04:10:58:035 KERNEL/(3194:3194): Fallo al realizar el handshake, cerrando conexion
[INFO] 04:10:58:035 KERNEL/(3194:3194): Cpu
[INFO] 04:10:58:036 KERNEL/(3194:3194): Se establecio correctamente la conexion
[INFO] 04:10:58:036 KERNEL/(3194:3194): File system
[INFO] 04:10:58:036 KERNEL/(3194:3194): Fallo al realizar el handshake, cerrando conexion
[INFO] 04:10:58:036 KERNEL/(3194:3194): Kernel listo para recibir Consolas
[INFO] 04:11:15:246 KERNEL/(3194:3204): Se conecto un cliente!
[INFO] 04:11:15:262 KERNEL/(3194:3202): El proceso: 0 llego a estado new
[INFO] 04:11:15:262 KERNEL/(3194:3202): El proceso: 0 se agrego a la lista de ready
[INFO] 04:11:15:262 KERNEL/(3194:3199): Exec libre => estado_ready comienza a planificar
[INFO] 04:11:15:262 KERNEL/(3194:3201): El proceso: 0 llego a estado exec
[INFO] 04:11:19:283 KERNEL/(3194:3201): HOLA
[INFO] 04:11:19:283 KERNEL/(3194:3201): El IP esta en 4
[INFO] 04:11:19:283 KERNEL/(3194:3201): El size de las instrucciones es 5
[INFO] 04:11:19:283 KERNEL/(3194:3201): El numero de estado es: 2
[INFO] 04:11:19:283 KERNEL/(3194:3201): El parametro de interrupcion es: 100
[INFO] 04:11:19:283 KERNEL/(3194:3201): El proceso: 0 termino de ejecutar
[INFO] 04:12:27:542 KERNEL/(3194:3204): Se conecto un cliente!
[INFO] 04:12:27:542 KERNEL/(3194:3202): El proceso: 1 llego a estado new
[INFO] 04:12:27:542 KERNEL/(3194:3202): El proceso: 1 se agrego a la lista de ready
[INFO] 04:12:27:543 KERNEL/(3194:3199): Exec libre => estado_ready comienza a planificar
[INFO] 04:12:27:543 KERNEL/(3194:3201): El proceso: 1 llego a estado exec
[INFO] 04:12:31:552 KERNEL/(3194:3201): HOLA
[INFO] 04:12:31:552 KERNEL/(3194:3201): El IP esta en 4
[INFO] 04:12:31:552 KERNEL/(3194:3201): El size de las instrucciones es 5
[INFO] 04:12:31:552 KERNEL/(3194:3201): El numero de estado es: 2
[INFO] 04:12:31:552 KERNEL/(3194:3201): El parametro de interrupcion es: 100
[INFO] 04:12:31:552 KERNEL/(3194:3201): El proceso: 1 termino de ejecutar
[INFO] 04:12:47:475 KERNEL/(3194:3204): Se conecto un cliente!
[INFO] 04:13:21:514 KERNEL/(3194:3204): Se conecto un cliente!
[INFO] 04:13:57:076 KERNEL/(3194:3204): Se conecto un cliente!
[INFO] 21:46:20:216 KERNEL/(3686:3686): Valores de configuracion leidos correctamente
[INFO] 21:46:20:246 KERNEL/(3686:3686): Memoria
[INFO] 21:46:20:254 KERNEL/(3686:3686): Fallo al realizar el handshake, cerrando conexion
[INFO] 21:46:20:257 KERNEL/(3686:3686): Cpu
[INFO] 21:46:20:261 KERNEL/(3686:3686): Se establecio correctamente la conexion
[INFO] 21:46:20:262 KERNEL/(3686:3686): File system
[INFO] 21:46:20:263 KERNEL/(3686:3686): Fallo al realizar el handshake, cerrando conexion
[INFO] 21:46:20:266 KERNEL/(3686:3686): Kernel listo para recibir Consolas
[INFO] 21:46:32:319 KERNEL/(3686:3696): Se conecto un cliente!
[INFO] 21:46:32:319 KERNEL/(3686:3696): El proceso: 0 llego a estado new
[INFO] 21:46:32:319 KERNEL/(3686:3694): El proceso: 0 se agrego a la lista de ready
[INFO] 21:46:32:319 KERNEL/(3686:3691): Exec libre => estado_ready comienza a planificar
[INFO] 21:46:32:319 KERNEL/(3686:3693): El proceso: 0 llego a estado exec
[INFO] 21:46:36:325 KERNEL/(3686:3693): HOLA
[INFO] 21:46:36:326 KERNEL/(3686:3693): El IP esta en 4
[INFO] 21:46:36:326 KERNEL/(3686:3693): El size de las instrucciones es 5
[INFO] 21:46:36:326 KERNEL/(3686:3693): El numero de estado es: 2
[INFO] 21:46:36:326 KERNEL/(3686:3693): El parametro de interrupcion es: 100
[INFO] 21:46:36:326 KERNEL/(3686:3693): El proceso: 0 termino de ejecutar
[INFO] 21:48:05:617 KERNEL/(3686:3696): Se conecto un cliente!
[INFO] 21:48:05:618 KERNEL/(3686:3696): El proceso: 1 llego a estado new
[INFO] 21:48:05:618 KERNEL/(3686:3694): El proceso: 1 se agrego a la lista de ready
[INFO] 21:48:05:618 KERNEL/(3686:3691): Exec libre => estado_ready comienza a planificar
[INFO] 21:48:05:618 KERNEL/(3686:3693): El proceso: 1 llego a estado exec
[INFO] 21:48:09:625 KERNEL/(3686:3693): HOLA
[INFO] 21:48:09:625 KERNEL/(3686:3693): El IP esta en 4
[INFO] 21:48:09:626 KERNEL/(3686:3693): El size de las instrucciones es 5
[INFO] 21:48:09:626 KERNEL/(3686:3693): El numero de estado es: 2
[INFO] 21:48:09:626 KERNEL/(3686:3693): El parametro de interrupcion es: 100
[INFO] 21:48:09:626 KERNEL/(3686:3693): El proceso: 1 termino de ejecutar
[INFO] 21:54:06:373 KERNEL/(3918:3918): Valores de configuracion leidos correctamente
[INFO] 21:54:06:379 KERNEL/(3918:3918): Memoria
[INFO] 21:54:06:382 KERNEL/(3918:3918): Fallo al realizar el handshake, cerrando conexion
[INFO] 21:54:06:385 KERNEL/(3918:3918): Cpu
[INFO] 21:54:06:386 KERNEL/(3918:3918): Se establecio correctamente la conexion
[INFO] 21:54:06:386 KERNEL/(3918:3918): File system
[INFO] 21:54:06:387 KERNEL/(3918:3918): Fallo al realizar el handshake, cerrando conexion
[INFO] 21:54:06:387 KERNEL/(3918:3918): Kernel listo para recibir Consolas
[INFO] 21:54:15:642 KERNEL/(3918:3928): Se conecto un cliente!
[INFO] 21:54:15:642 KERNEL/(3918:3928): El proceso: 0 llego a estado new
[INFO] 21:54:15:642 KERNEL/(3918:3926): El proceso: 0 se agrego a la lista de ready
[INFO] 21:54:15:642 KERNEL/(3918:3923): Exec libre => estado_ready comienza a planificar
[INFO] 21:54:15:642 KERNEL/(3918:3925): El proceso: 0 llego a estado exec
[INFO] 21:54:21:441 KERNEL/(3918:3925): falle
[INFO] 21:54:21:442 KERNEL/(3918:3925): El proceso: 0 termino de ejecutar
[INFO] 22:00:53:804 KERNEL/(4043:4043): Valores de configuracion leidos correctamente
[INFO] 22:00:53:809 KERNEL/(4043:4043): Memoria
[INFO] 22:00:53:813 KERNEL/(4043:4043): Fallo al realizar el handshake, cerrando conexion
[INFO] 22:00:53:813 KERNEL/(4043:4043): Cpu
[INFO] 22:00:53:813 KERNEL/(4043:4043): Fallo al realizar el handshake, cerrando conexion
[INFO] 22:00:53:813 KERNEL/(4043:4043): File system
[INFO] 22:00:53:813 KERNEL/(4043:4043): Fallo al realizar el handshake, cerrando conexion
[INFO] 22:00:53:814 KERNEL/(4043:4043): Kernel listo para recibir Consolas
