[INFO] 05:47:19:218 CONSOLA/(5491:5491): Valores de configuracion leidos correctamente
[INFO] 05:47:23:330 CONSOLA/(5506:5506): Valores de configuracion leidos correctamente
[INFO] 05:47:25:066 CONSOLA/(5514:5514): Valores de configuracion leidos correctamente
[INFO] 05:47:29:100 CONSOLA/(5529:5529): Valores de configuracion leidos correctamente
[INFO] 05:47:31:604 CONSOLA/(5541:5541): Valores de configuracion leidos correctamente
[INFO] 05:47:34:007 CONSOLA/(5549:5549): Valores de configuracion leidos correctamente
[INFO] 05:56:59:709 CONSOLA/(5962:5962): Valores de configuracion leidos correctamente
[INFO] 05:57:02:254 CONSOLA/(5972:5972): Valores de configuracion leidos correctamente
[INFO] 05:57:06:372 CONSOLA/(5987:5987): Valores de configuracion leidos correctamente
[INFO] 05:57:10:513 CONSOLA/(5999:5999): Valores de configuracion leidos correctamente
[INFO] 05:57:12:992 CONSOLA/(6010:6010): Valores de configuracion leidos correctamente
[INFO] 05:59:05:023 CONSOLA/(6097:6097): Valores de configuracion leidos correctamente
[INFO] 05:59:12:880 CONSOLA/(6111:6111): Valores de configuracion leidos correctamente
[INFO] 05:59:15:846 CONSOLA/(6119:6119): Valores de configuracion leidos correctamente
[INFO] 05:59:21:973 CONSOLA/(6131:6131): Valores de configuracion leidos correctamente
[INFO] 05:59:23:757 CONSOLA/(6137:6137): Valores de configuracion leidos correctamente
[INFO] 06:00:27:332 CONSOLA/(6155:6155): Valores de configuracion leidos correctamente
[INFO] 06:00:30:732 CONSOLA/(6165:6165): Valores de configuracion leidos correctamente
[INFO] 06:00:33:389 CONSOLA/(6171:6171): Valores de configuracion leidos correctamente
[INFO] 06:00:37:617 CONSOLA/(6185:6185): Valores de configuracion leidos correctamente
[INFO] 06:00:39:665 CONSOLA/(6191:6191): Valores de configuracion leidos correctamente
[INFO] 06:06:33:975 CONSOLA/(6376:6376): Valores de configuracion leidos correctamente
[INFO] 06:06:38:675 CONSOLA/(6396:6396): Valores de configuracion leidos correctamente
[INFO] 06:06:40:355 CONSOLA/(6406:6406): Valores de configuracion leidos correctamente
[INFO] 06:06:44:893 CONSOLA/(6416:6416): Valores de configuracion leidos correctamente
[INFO] 06:06:47:684 CONSOLA/(6426:6426): Valores de configuracion leidos correctamente
[INFO] 06:06:48:931 CONSOLA/(6432:6432): Valores de configuracion leidos correctamente
[INFO] 06:11:54:779 CONSOLA/(6993:6993): Valores de configuracion leidos correctamente
[INFO] 06:11:59:949 CONSOLA/(7010:7010): Valores de configuracion leidos correctamente
[INFO] 06:12:03:105 CONSOLA/(7020:7020): Valores de configuracion leidos correctamente
[INFO] 06:12:06:798 CONSOLA/(7032:7032): Valores de configuracion leidos correctamente
[INFO] 06:12:08:229 CONSOLA/(7038:7038): Valores de configuracion leidos correctamente
[INFO] 06:15:07:432 CONSOLA/(7173:7173): Valores de configuracion leidos correctamente
[INFO] 06:15:09:228 CONSOLA/(7183:7183): Valores de configuracion leidos correctamente
[INFO] 06:15:14:585 CONSOLA/(7197:7197): Valores de configuracion leidos correctamente
[INFO] 06:15:20:446 CONSOLA/(7210:7210): Valores de configuracion leidos correctamente
[INFO] 06:15:22:548 CONSOLA/(7221:7221): Valores de configuracion leidos correctamente
[INFO] 06:15:24:005 CONSOLA/(7227:7227): Valores de configuracion leidos correctamente
[INFO] 06:22:07:045 CONSOLA/(7568:7568): Valores de configuracion leidos correctamente
[INFO] 06:22:12:872 CONSOLA/(7588:7588): Valores de configuracion leidos correctamente
[INFO] 06:22:14:728 CONSOLA/(7598:7598): Valores de configuracion leidos correctamente
[INFO] 06:22:19:192 CONSOLA/(7611:7611): Valores de configuracion leidos correctamente
[INFO] 06:22:21:409 CONSOLA/(7621:7621): Valores de configuracion leidos correctamente
[INFO] 06:22:23:729 CONSOLA/(7627:7627): Valores de configuracion leidos correctamente
[INFO] 06:26:04:682 CONSOLA/(7856:7856): Valores de configuracion leidos correctamente
[INFO] 06:26:07:439 CONSOLA/(7867:7867): Valores de configuracion leidos correctamente
[INFO] 06:26:12:562 CONSOLA/(7877:7877): Valores de configuracion leidos correctamente
[INFO] 06:26:13:412 CONSOLA/(7883:7883): Valores de configuracion leidos correctamente
[INFO] 06:26:16:008 CONSOLA/(7893:7893): Valores de configuracion leidos correctamente
[INFO] 16:23:29:962 CONSOLA/(46888:46888): Valores de configuracion leidos correctamente
[INFO] 22:47:50:436 CONSOLA/(48417:48417): Valores de configuracion leidos correctamente
[INFO] 01:26:02:551 CONSOLA/(50757:50757): Valores de configuracion leidos correctamente
[INFO] 01:38:32:076 CONSOLA/(50991:50991): Valores de configuracion leidos correctamente
[INFO] 01:39:28:912 CONSOLA/(51051:51051): Valores de configuracion leidos correctamente
[INFO] 02:03:08:784 CONSOLA/(51229:51229): Valores de configuracion leidos correctamente
[INFO] 02:23:41:764 CONSOLA/(51579:51579): Valores de configuracion leidos correctamente
[INFO] 03:45:55:033 CONSOLA/(51823:51823): Valores de configuracion leidos correctamente
[INFO] 03:48:53:696 CONSOLA/(51863:51863): Valores de configuracion leidos correctamente
[INFO] 03:49:15:176 CONSOLA/(51903:51903): Valores de configuracion leidos correctamente
[INFO] 03:51:44:535 CONSOLA/(51967:51967): Valores de configuracion leidos correctamente
[INFO] 03:52:32:290 CONSOLA/(52022:52022): Valores de configuracion leidos correctamente
[INFO] 03:55:27:256 CONSOLA/(52183:52183): Valores de configuracion leidos correctamente
[INFO] 03:56:51:705 CONSOLA/(52284:52284): Valores de configuracion leidos correctamente
[INFO] 04:05:43:258 CONSOLA/(52390:52390): Valores de configuracion leidos correctamente
[INFO] 04:10:04:052 CONSOLA/(52500:52500): Valores de configuracion leidos correctamente
[INFO] 04:31:50:382 CONSOLA/(52868:52868): Valores de configuracion leidos correctamente
[INFO] 04:42:42:793 CONSOLA/(53087:53087): Valores de configuracion leidos correctamente
[INFO] 15:22:33:352 CONSOLA/(53441:53441): Valores de configuracion leidos correctamente
[INFO] 13:10:31:681 CONSOLA/(3282:3282): Valores de configuracion leidos correctamente
[INFO] 13:10:58:267 CONSOLA/(3299:3299): Valores de configuracion leidos correctamente
[INFO] 13:11:00:513 CONSOLA/(3309:3309): Valores de configuracion leidos correctamente
[INFO] 13:11:03:367 CONSOLA/(3319:3319): Valores de configuracion leidos correctamente
[INFO] 16:52:54:631 CONSOLA/(3714:3714): Valores de configuracion leidos correctamente
[INFO] 21:23:39:722 CONSOLA/(2160:2160): Valores de configuracion leidos correctamente
[INFO] 21:49:29:822 CONSOLA/(2942:2942): Valores de configuracion leidos correctamente
[INFO] 21:54:49:440 CONSOLA/(3235:3235): Valores de configuracion leidos correctamente
[INFO] 22:01:42:032 CONSOLA/(3602:3602): Valores de configuracion leidos correctamente
[INFO] 22:11:54:517 CONSOLA/(3823:3823): Valores de configuracion leidos correctamente
[INFO] 22:40:48:378 CONSOLA/(4547:4547): Valores de configuracion leidos correctamente
[INFO] 22:42:59:138 CONSOLA/(4729:4729): Valores de configuracion leidos correctamente
[INFO] 22:43:15:279 CONSOLA/(4744:4744): Valores de configuracion leidos correctamente
[INFO] 22:43:18:120 CONSOLA/(4758:4758): Valores de configuracion leidos correctamente
[INFO] 22:45:31:594 CONSOLA/(4894:4894): Valores de configuracion leidos correctamente
[INFO] 22:45:33:610 CONSOLA/(4904:4904): Valores de configuracion leidos correctamente
[INFO] 22:45:35:962 CONSOLA/(4915:4915): Valores de configuracion leidos correctamente
[INFO] 22:48:28:982 CONSOLA/(5054:5054): Valores de configuracion leidos correctamente
[INFO] 22:48:42:968 CONSOLA/(5073:5073): Valores de configuracion leidos correctamente
[INFO] 22:48:58:160 CONSOLA/(5094:5094): Valores de configuracion leidos correctamente
[INFO] 22:53:41:469 CONSOLA/(5205:5205): Valores de configuracion leidos correctamente
[INFO] 22:53:55:337 CONSOLA/(5225:5225): Valores de configuracion leidos correctamente
[INFO] 22:56:32:664 CONSOLA/(5372:5372): Valores de configuracion leidos correctamente
[INFO] 22:56:47:441 CONSOLA/(5393:5393): Valores de configuracion leidos correctamente
[INFO] 22:59:55:704 CONSOLA/(5496:5496): Valores de configuracion leidos correctamente
[INFO] 22:59:58:336 CONSOLA/(5512:5512): Valores de configuracion leidos correctamente
[INFO] 23:00:13:577 CONSOLA/(5527:5527): Valores de configuracion leidos correctamente
[INFO] 23:01:55:122 CONSOLA/(5619:5619): Valores de configuracion leidos correctamente
[INFO] 23:02:01:566 CONSOLA/(5635:5635): Valores de configuracion leidos correctamente
[INFO] 23:02:07:827 CONSOLA/(5650:5650): Valores de configuracion leidos correctamente
[INFO] 23:09:22:061 CONSOLA/(6040:6040): Valores de configuracion leidos correctamente
[INFO] 23:09:25:494 CONSOLA/(6055:6055): Valores de configuracion leidos correctamente
[INFO] 23:11:11:070 CONSOLA/(6180:6180): Valores de configuracion leidos correctamente
[INFO] 23:11:14:012 CONSOLA/(6198:6198): Valores de configuracion leidos correctamente
[INFO] 23:11:31:352 CONSOLA/(6216:6216): Valores de configuracion leidos correctamente
[INFO] 23:14:37:570 CONSOLA/(6395:6395): Valores de configuracion leidos correctamente
[INFO] 23:14:42:128 CONSOLA/(6410:6410): Valores de configuracion leidos correctamente
[INFO] 23:14:48:399 CONSOLA/(6425:6425): Valores de configuracion leidos correctamente
[INFO] 23:40:19:735 CONSOLA/(7173:7173): Valores de configuracion leidos correctamente
[INFO] 23:41:24:929 CONSOLA/(7285:7285): Valores de configuracion leidos correctamente
[INFO] 23:43:22:461 CONSOLA/(7383:7383): Valores de configuracion leidos correctamente
[INFO] 23:43:28:333 CONSOLA/(7394:7394): Valores de configuracion leidos correctamente
[INFO] 23:43:38:220 CONSOLA/(7405:7405): Valores de configuracion leidos correctamente
[INFO] 23:45:10:079 CONSOLA/(7501:7501): Valores de configuracion leidos correctamente
[ERROR] 00:20:14:963 CONSOLA/(7965:7965): Falta parametro del path del archivo de configuracion
[INFO] 00:21:17:708 CONSOLA/(8002:8002): Valores de configuracion leidos correctamente
[INFO] 00:21:46:527 CONSOLA/(8053:8053): Valores de configuracion leidos correctamente
[INFO] 00:24:46:842 CONSOLA/(8268:8268): Valores de configuracion leidos correctamente
[INFO] 00:26:48:872 CONSOLA/(8467:8467): Valores de configuracion leidos correctamente
[INFO] 00:38:26:473 CONSOLA/(9224:9224): Valores de configuracion leidos correctamente
[INFO] 00:39:50:203 CONSOLA/(9428:9428): Valores de configuracion leidos correctamente
[INFO] 00:40:27:327 CONSOLA/(9577:9577): Valores de configuracion leidos correctamente
[ERROR] 22:53:13:317 CONSOLA/(6077:6077): Falta parametro del path del archivo de configuracion
[INFO] 23:01:57:068 CONSOLA/(6221:6221): Valores de configuracion leidos correctamente
[INFO] 23:02:24:653 CONSOLA/(6292:6292): Valores de configuracion leidos correctamente
[INFO] 11:57:16:567 CONSOLA/(2268:2268): Valores de configuracion leidos correctamente
[INFO] 11:58:42:783 CONSOLA/(2451:2451): Valores de configuracion leidos correctamente
[INFO] 11:58:49:214 CONSOLA/(2581:2581): Valores de configuracion leidos correctamente
[INFO] 12:00:56:663 CONSOLA/(20869:20869): Valores de configuracion leidos correctamente
[INFO] 13:55:05:818 CONSOLA/(55365:55365): Valores de configuracion leidos correctamente
[INFO] 13:59:23:357 CONSOLA/(55620:55620): Valores de configuracion leidos correctamente
[INFO] 13:59:27:684 CONSOLA/(55632:55632): Valores de configuracion leidos correctamente
[INFO] 14:01:21:834 CONSOLA/(55692:55692): Valores de configuracion leidos correctamente
[INFO] 14:03:45:825 CONSOLA/(55799:55799): Valores de configuracion leidos correctamente
[INFO] 14:04:09:197 CONSOLA/(55833:55833): Valores de configuracion leidos correctamente
[INFO] 14:04:15:753 CONSOLA/(55849:55849): Valores de configuracion leidos correctamente
[INFO] 14:04:19:851 CONSOLA/(55861:55861): Valores de configuracion leidos correctamente
[INFO] 14:04:24:220 CONSOLA/(55872:55872): Valores de configuracion leidos correctamente
[INFO] 14:11:57:082 CONSOLA/(55989:55989): Valores de configuracion leidos correctamente
[INFO] 14:12:31:818 CONSOLA/(56066:56066): Valores de configuracion leidos correctamente
[INFO] 14:13:31:224 CONSOLA/(56130:56130): Valores de configuracion leidos correctamente
[INFO] 14:13:54:692 CONSOLA/(56174:56174): Valores de configuracion leidos correctamente
[INFO] 14:13:59:375 CONSOLA/(56192:56192): Valores de configuracion leidos correctamente
[INFO] 14:19:37:183 CONSOLA/(56263:56263): Valores de configuracion leidos correctamente
[INFO] 14:19:42:522 CONSOLA/(56274:56274): Valores de configuracion leidos correctamente
[INFO] 14:23:33:623 CONSOLA/(56366:56366): Valores de configuracion leidos correctamente
[INFO] 14:23:48:606 CONSOLA/(56381:56381): Valores de configuracion leidos correctamente
[INFO] 14:45:57:877 CONSOLA/(56579:56579): Valores de configuracion leidos correctamente
[INFO] 14:46:08:820 CONSOLA/(56597:56597): Valores de configuracion leidos correctamente
[INFO] 15:04:42:770 CONSOLA/(56860:56860): Valores de configuracion leidos correctamente
[INFO] 15:04:47:520 CONSOLA/(56871:56871): Valores de configuracion leidos correctamente
[INFO] 15:04:54:600 CONSOLA/(56886:56886): Valores de configuracion leidos correctamente
[INFO] 15:04:57:634 CONSOLA/(56897:56897): Valores de configuracion leidos correctamente
[INFO] 15:04:59:431 CONSOLA/(56909:56909): Valores de configuracion leidos correctamente
[INFO] 15:08:19:531 CONSOLA/(57001:57001): Valores de configuracion leidos correctamente
[INFO] 15:08:27:362 CONSOLA/(57016:57016): Valores de configuracion leidos correctamente
[INFO] 15:10:19:885 CONSOLA/(57066:57066): Valores de configuracion leidos correctamente
[INFO] 15:16:29:107 CONSOLA/(57247:57247): Valores de configuracion leidos correctamente
[INFO] 15:24:01:611 CONSOLA/(57505:57505): Valores de configuracion leidos correctamente
[INFO] 15:24:13:545 CONSOLA/(57524:57524): Valores de configuracion leidos correctamente
[INFO] 15:27:29:363 CONSOLA/(57787:57787): Valores de configuracion leidos correctamente
[INFO] 15:27:41:058 CONSOLA/(57811:57811): Valores de configuracion leidos correctamente
[INFO] 15:28:58:282 CONSOLA/(57887:57887): Valores de configuracion leidos correctamente
[INFO] 15:29:20:313 CONSOLA/(57915:57915): Valores de configuracion leidos correctamente
[INFO] 15:32:05:372 CONSOLA/(58031:58031): Valores de configuracion leidos correctamente
[INFO] 15:34:39:124 CONSOLA/(58124:58124): Valores de configuracion leidos correctamente
[INFO] 15:34:49:251 CONSOLA/(58144:58144): Valores de configuracion leidos correctamente
[INFO] 15:37:11:777 CONSOLA/(58375:58375): Valores de configuracion leidos correctamente
[INFO] 15:37:21:099 CONSOLA/(58394:58394): Valores de configuracion leidos correctamente
[INFO] 15:44:21:836 CONSOLA/(58618:58618): Valores de configuracion leidos correctamente
[INFO] 15:44:55:846 CONSOLA/(58639:58639): Valores de configuracion leidos correctamente
[INFO] 16:05:05:044 CONSOLA/(59035:59035): Valores de configuracion leidos correctamente
[INFO] 16:16:06:167 CONSOLA/(59283:59283): Valores de configuracion leidos correctamente
[INFO] 16:16:11:354 CONSOLA/(59295:59295): Valores de configuracion leidos correctamente
[INFO] 16:16:16:040 CONSOLA/(59309:59309): Valores de configuracion leidos correctamente
[INFO] 16:16:20:037 CONSOLA/(59320:59320): Valores de configuracion leidos correctamente
[INFO] 16:18:38:461 CONSOLA/(59518:59518): Valores de configuracion leidos correctamente
[INFO] 16:19:41:637 CONSOLA/(59575:59575): Valores de configuracion leidos correctamente
[INFO] 16:19:55:358 CONSOLA/(59596:59596): Valores de configuracion leidos correctamente
[INFO] 16:20:06:250 CONSOLA/(59615:59615): Valores de configuracion leidos correctamente
[INFO] 19:01:10:967 CONSOLA/(2519:2519): Valores de configuracion leidos correctamente
[INFO] 19:01:16:642 CONSOLA/(2534:2534): Valores de configuracion leidos correctamente
[INFO] 19:01:20:948 CONSOLA/(2545:2545): Valores de configuracion leidos correctamente
[INFO] 19:01:24:933 CONSOLA/(2556:2556): Valores de configuracion leidos correctamente
[INFO] 19:01:34:605 CONSOLA/(2610:2610): Valores de configuracion leidos correctamente
[INFO] 22:15:16:627 CONSOLA/(4402:4402): Valores de configuracion leidos correctamente
[INFO] 22:15:20:583 CONSOLA/(4415:4415): Valores de configuracion leidos correctamente
[INFO] 22:15:24:368 CONSOLA/(4428:4428): Valores de configuracion leidos correctamente
[INFO] 22:15:27:909 CONSOLA/(4438:4438): Valores de configuracion leidos correctamente
[INFO] 22:15:31:450 CONSOLA/(4448:4448): Valores de configuracion leidos correctamente
[INFO] 22:15:34:685 CONSOLA/(4458:4458): Valores de configuracion leidos correctamente
[INFO] 22:16:04:785 CONSOLA/(4511:4511): Valores de configuracion leidos correctamente
[INFO] 22:16:09:125 CONSOLA/(4526:4526): Valores de configuracion leidos correctamente
[INFO] 22:16:27:694 CONSOLA/(4597:4597): Valores de configuracion leidos correctamente
[INFO] 01:40:45:880 CONSOLA/(2151:2151): Valores de configuracion leidos correctamente
[INFO] 01:41:02:339 CONSOLA/(2170:2170): Valores de configuracion leidos correctamente
[INFO] 01:41:04:007 CONSOLA/(2184:2184): Valores de configuracion leidos correctamente
[INFO] 01:41:05:686 CONSOLA/(2190:2190): Valores de configuracion leidos correctamente
[INFO] 01:59:48:459 CONSOLA/(2755:2755): Valores de configuracion leidos correctamente
[INFO] 01:59:54:936 CONSOLA/(2766:2766): Valores de configuracion leidos correctamente
[INFO] 01:59:56:776 CONSOLA/(2780:2780): Valores de configuracion leidos correctamente
[INFO] 01:59:58:007 CONSOLA/(2786:2786): Valores de configuracion leidos correctamente
[INFO] 05:38:47:484 CONSOLA/(2433:2433): Valores de configuracion leidos correctamente
[INFO] 05:38:54:277 CONSOLA/(2447:2447): Valores de configuracion leidos correctamente
[INFO] 05:38:56:034 CONSOLA/(2460:2460): Valores de configuracion leidos correctamente
[INFO] 05:38:58:217 CONSOLA/(2475:2475): Valores de configuracion leidos correctamente
[INFO] 05:38:58:888 CONSOLA/(2482:2482): Valores de configuracion leidos correctamente
[INFO] 16:47:05:293 CONSOLA/(3998:3998): Valores de configuracion leidos correctamente
[INFO] 16:48:15:093 CONSOLA/(4084:4084): Valores de configuracion leidos correctamente
[INFO] 16:50:31:067 CONSOLA/(4301:4301): Valores de configuracion leidos correctamente
[INFO] 17:10:12:791 CONSOLA/(5580:5580): Valores de configuracion leidos correctamente
[INFO] 17:13:05:305 CONSOLA/(6835:6835): Valores de configuracion leidos correctamente
[INFO] 17:16:27:837 CONSOLA/(7509:7509): Valores de configuracion leidos correctamente
[INFO] 17:18:01:807 CONSOLA/(7701:7701): Valores de configuracion leidos correctamente
[INFO] 17:22:38:000 CONSOLA/(8551:8551): Valores de configuracion leidos correctamente
[INFO] 18:12:47:733 CONSOLA/(8929:8929): Valores de configuracion leidos correctamente
[INFO] 18:33:04:062 CONSOLA/(9783:9783): Valores de configuracion leidos correctamente
[INFO] 19:01:11:525 CONSOLA/(10305:10305): Valores de configuracion leidos correctamente
[INFO] 19:02:48:138 CONSOLA/(10787:10787): Valores de configuracion leidos correctamente
[INFO] 19:03:43:486 CONSOLA/(11169:11169): Valores de configuracion leidos correctamente
[INFO] 19:05:52:035 CONSOLA/(11578:11578): Valores de configuracion leidos correctamente
[INFO] 19:07:10:035 CONSOLA/(12250:12250): Valores de configuracion leidos correctamente
[INFO] 19:08:52:686 CONSOLA/(12675:12675): Valores de configuracion leidos correctamente
[INFO] 19:11:48:462 CONSOLA/(13359:13359): Valores de configuracion leidos correctamente
[INFO] 19:18:57:351 CONSOLA/(13994:13994): Valores de configuracion leidos correctamente
[INFO] 19:20:14:490 CONSOLA/(14381:14381): Valores de configuracion leidos correctamente
[INFO] 19:21:11:650 CONSOLA/(14765:14765): Valores de configuracion leidos correctamente
[INFO] 19:22:29:234 CONSOLA/(15204:15204): Valores de configuracion leidos correctamente
[INFO] 19:27:45:757 CONSOLA/(15538:15538): Valores de configuracion leidos correctamente
[INFO] 19:28:52:835 CONSOLA/(15783:15783): Valores de configuracion leidos correctamente
[INFO] 19:29:59:863 CONSOLA/(16030:16030): Valores de configuracion leidos correctamente
[INFO] 19:59:31:699 CONSOLA/(16423:16423): Valores de configuracion leidos correctamente
[INFO] 20:04:55:858 CONSOLA/(16860:16860): Valores de configuracion leidos correctamente
[INFO] 20:08:18:847 CONSOLA/(17123:17123): Valores de configuracion leidos correctamente
[INFO] 20:10:12:101 CONSOLA/(17446:17446): Valores de configuracion leidos correctamente
[INFO] 20:15:37:125 CONSOLA/(18036:18036): Valores de configuracion leidos correctamente
[INFO] 20:20:58:544 CONSOLA/(18622:18622): Valores de configuracion leidos correctamente
[INFO] 20:21:45:201 CONSOLA/(18738:18738): Valores de configuracion leidos correctamente
[INFO] 20:22:33:057 CONSOLA/(18984:18984): Valores de configuracion leidos correctamente
[INFO] 20:23:53:226 CONSOLA/(19101:19101): Valores de configuracion leidos correctamente
[INFO] 20:27:09:787 CONSOLA/(19572:19572): Valores de configuracion leidos correctamente
[INFO] 20:30:22:405 CONSOLA/(19722:19722): Valores de configuracion leidos correctamente
[INFO] 20:35:51:286 CONSOLA/(20200:20200): Valores de configuracion leidos correctamente
[INFO] 20:41:59:855 CONSOLA/(20865:20865): Valores de configuracion leidos correctamente
[INFO] 20:43:16:339 CONSOLA/(20992:20992): Valores de configuracion leidos correctamente
[INFO] 20:47:11:577 CONSOLA/(21313:21313): Valores de configuracion leidos correctamente
[INFO] 20:48:40:463 CONSOLA/(21445:21445): Valores de configuracion leidos correctamente
[INFO] 20:52:13:479 CONSOLA/(21612:21612): Valores de configuracion leidos correctamente
[INFO] 21:06:52:051 CONSOLA/(22167:22167): Valores de configuracion leidos correctamente
[INFO] 21:09:24:315 CONSOLA/(22326:22326): Valores de configuracion leidos correctamente
[INFO] 21:13:50:413 CONSOLA/(22652:22652): Valores de configuracion leidos correctamente
[INFO] 21:14:40:947 CONSOLA/(22784:22784): Valores de configuracion leidos correctamente
[INFO] 21:18:11:963 CONSOLA/(23116:23116): Valores de configuracion leidos correctamente
[INFO] 21:20:35:617 CONSOLA/(23465:23465): Valores de configuracion leidos correctamente
[INFO] 21:21:08:783 CONSOLA/(23526:23526): Valores de configuracion leidos correctamente
[INFO] 21:21:12:120 CONSOLA/(23538:23538): Valores de configuracion leidos correctamente
[INFO] 21:21:15:572 CONSOLA/(23549:23549): Valores de configuracion leidos correctamente
[INFO] 21:21:18:975 CONSOLA/(23560:23560): Valores de configuracion leidos correctamente
[INFO] 21:21:22:121 CONSOLA/(23571:23571): Valores de configuracion leidos correctamente
[INFO] 21:21:25:484 CONSOLA/(23583:23583): Valores de configuracion leidos correctamente
[INFO] 21:21:28:779 CONSOLA/(23594:23594): Valores de configuracion leidos correctamente
[INFO] 21:21:32:043 CONSOLA/(23607:23607): Valores de configuracion leidos correctamente
[INFO] 21:21:35:215 CONSOLA/(23618:23618): Valores de configuracion leidos correctamente
[INFO] 21:21:38:600 CONSOLA/(23629:23629): Valores de configuracion leidos correctamente
[INFO] 21:21:42:062 CONSOLA/(23640:23640): Valores de configuracion leidos correctamente
[INFO] 21:24:03:302 CONSOLA/(23838:23838): Valores de configuracion leidos correctamente
[INFO] 21:24:06:716 CONSOLA/(23850:23850): Valores de configuracion leidos correctamente
[INFO] 21:24:10:373 CONSOLA/(23862:23862): Valores de configuracion leidos correctamente
[INFO] 21:45:54:004 CONSOLA/(25297:25297): Valores de configuracion leidos correctamente
[INFO] 21:56:53:016 CONSOLA/(26187:26187): Valores de configuracion leidos correctamente
[INFO] 21:56:57:242 CONSOLA/(26203:26203): Valores de configuracion leidos correctamente
[INFO] 21:57:00:650 CONSOLA/(26215:26215): Valores de configuracion leidos correctamente
[ERROR] 00:24:25:266 CONSOLA/(2294:2294): Falta parametro del path del archivo de configuracion
[INFO] 00:25:16:749 CONSOLA/(2320:2320): Valores de configuracion leidos correctamente
[INFO] 00:55:30:379 CONSOLA/(2670:2670): Valores de configuracion leidos correctamente
[INFO] 00:58:43:966 CONSOLA/(2906:2906): Valores de configuracion leidos correctamente
[INFO] 00:59:58:610 CONSOLA/(2966:2966): Valores de configuracion leidos correctamente
[ERROR] 01:02:34:943 CONSOLA/(3152:3152): Falta parametro del path del archivo de configuracion
[INFO] 01:03:10:237 CONSOLA/(3196:3196): Valores de configuracion leidos correctamente
[INFO] 01:03:37:214 CONSOLA/(3247:3247): Valores de configuracion leidos correctamente
[ERROR] 01:04:38:856 CONSOLA/(3336:3336): Falta parametro del path del archivo de configuracion
[ERROR] 01:05:42:902 CONSOLA/(3379:3379): Falta parametro del path del archivo de configuracion
[INFO] 01:07:20:443 CONSOLA/(3484:3484): Valores de configuracion leidos correctamente
[INFO] 01:12:28:833 CONSOLA/(3552:3552): Valores de configuracion leidos correctamente
[INFO] 01:14:00:817 CONSOLA/(3629:3629): Valores de configuracion leidos correctamente
[INFO] 01:16:01:733 CONSOLA/(3729:3729): Valores de configuracion leidos correctamente
[INFO] 01:49:47:798 CONSOLA/(4474:4474): Valores de configuracion leidos correctamente
[INFO] 02:17:09:528 CONSOLA/(4813:4813): Valores de configuracion leidos correctamente
[INFO] 02:17:09:575 CONSOLA/(4813:4813): BX
[INFO] 02:17:09:578 CONSOLA/(4813:4813): TETE
[INFO] 02:22:12:059 CONSOLA/(5004:5004): Valores de configuracion leidos correctamente
[INFO] 02:22:12:059 CONSOLA/(5004:5004): BX
[INFO] 02:22:12:060 CONSOLA/(5004:5004): TETE
[INFO] 02:28:14:044 CONSOLA/(5234:5234): Valores de configuracion leidos correctamente
[INFO] 02:28:14:044 CONSOLA/(5234:5234): SET
[INFO] 02:28:14:045 CONSOLA/(5234:5234): BX
[INFO] 02:28:14:045 CONSOLA/(5234:5234): TETE
[INFO] 02:28:14:045 CONSOLA/(5234:5234): EXIT
[INFO] 02:44:05:056 CONSOLA/(5348:5348): Valores de configuracion leidos correctamente
[INFO] 02:44:05:057 CONSOLA/(5348:5348): SET
[INFO] 02:44:05:057 CONSOLA/(5348:5348): BX
[INFO] 02:44:05:057 CONSOLA/(5348:5348): TETE
[INFO] 02:44:05:057 CONSOLA/(5348:5348): EXIT
[INFO] 02:44:31:871 CONSOLA/(5405:5405): Valores de configuracion leidos correctamente
[INFO] 02:44:31:871 CONSOLA/(5405:5405): SET
[INFO] 02:44:31:872 CONSOLA/(5405:5405): BX
[INFO] 02:44:31:872 CONSOLA/(5405:5405): TETE
[INFO] 02:44:31:872 CONSOLA/(5405:5405): EXIT
[INFO] 02:46:23:452 CONSOLA/(5515:5515): Valores de configuracion leidos correctamente
[INFO] 02:46:23:452 CONSOLA/(5515:5515): SET
[INFO] 02:46:23:452 CONSOLA/(5515:5515): BX
[INFO] 02:46:23:452 CONSOLA/(5515:5515): TETE
[INFO] 02:46:23:453 CONSOLA/(5515:5515): EXIT
[INFO] 02:51:25:972 CONSOLA/(5623:5623): Valores de configuracion leidos correctamente
[INFO] 02:51:25:972 CONSOLA/(5623:5623): SET
[INFO] 02:51:25:972 CONSOLA/(5623:5623): BX
[INFO] 02:51:25:972 CONSOLA/(5623:5623): TETE
[INFO] 02:51:25:972 CONSOLA/(5623:5623): EXIT
[INFO] 03:04:32:850 CONSOLA/(5823:5823): Valores de configuracion leidos correctamente
[INFO] 03:04:32:850 CONSOLA/(5823:5823): SET
[INFO] 03:04:32:850 CONSOLA/(5823:5823): BX
[INFO] 03:04:32:850 CONSOLA/(5823:5823): TETE
[INFO] 03:04:32:850 CONSOLA/(5823:5823): EXIT
[INFO] 03:12:15:620 CONSOLA/(6130:6130): Valores de configuracion leidos correctamente
[INFO] 03:12:15:620 CONSOLA/(6130:6130): SET
[INFO] 03:12:15:621 CONSOLA/(6130:6130): BX
[INFO] 03:12:15:621 CONSOLA/(6130:6130): TETE
[INFO] 03:12:15:621 CONSOLA/(6130:6130): EXIT
[INFO] 03:19:26:867 CONSOLA/(6267:6267): Valores de configuracion leidos correctamente
[INFO] 03:19:26:912 CONSOLA/(6267:6267): SET
[INFO] 03:19:26:914 CONSOLA/(6267:6267): BX
[INFO] 03:19:26:917 CONSOLA/(6267:6267): TETE
[INFO] 03:19:26:918 CONSOLA/(6267:6267): EXIT
[INFO] 03:55:57:830 CONSOLA/(6836:6836): Valores de configuracion leidos correctamente
[INFO] 03:55:57:873 CONSOLA/(6836:6836): SET
[INFO] 03:55:57:875 CONSOLA/(6836:6836): BX
[INFO] 03:55:57:877 CONSOLA/(6836:6836): TETE
[INFO] 03:55:57:879 CONSOLA/(6836:6836): EXIT
[INFO] 03:57:11:563 CONSOLA/(7104:7104): Valores de configuracion leidos correctamente
[INFO] 03:57:11:607 CONSOLA/(7104:7104): SET
[INFO] 03:57:11:609 CONSOLA/(7104:7104): BX
[INFO] 03:57:11:611 CONSOLA/(7104:7104): TETE
[INFO] 03:57:11:613 CONSOLA/(7104:7104): EXIT
[INFO] 04:48:06:333 CONSOLA/(7657:7657): Valores de configuracion leidos correctamente
[INFO] 04:48:06:378 CONSOLA/(7657:7657): SET
[INFO] 04:48:06:386 CONSOLA/(7657:7657): BX
[INFO] 04:48:06:391 CONSOLA/(7657:7657): TETE
[INFO] 04:48:06:399 CONSOLA/(7657:7657): EXIT
[INFO] 04:53:19:227 CONSOLA/(7858:7858): Valores de configuracion leidos correctamente
[INFO] 04:53:19:271 CONSOLA/(7858:7858): SET
[INFO] 04:53:19:273 CONSOLA/(7858:7858): BX
[INFO] 04:53:19:275 CONSOLA/(7858:7858): TETE
[INFO] 04:53:19:276 CONSOLA/(7858:7858): EXIT
[INFO] 15:06:38:423 CONSOLA/(2287:2287): Valores de configuracion leidos correctamente
[INFO] 15:06:38:466 CONSOLA/(2287:2287): SET
[INFO] 15:06:38:469 CONSOLA/(2287:2287): BX
[INFO] 15:06:38:473 CONSOLA/(2287:2287): TETE
[INFO] 15:06:38:475 CONSOLA/(2287:2287): EXIT
[INFO] 15:11:06:325 CONSOLA/(2656:2656): Valores de configuracion leidos correctamente
[INFO] 15:11:06:368 CONSOLA/(2656:2656): SET
[INFO] 15:11:06:370 CONSOLA/(2656:2656): BX
[INFO] 15:11:06:372 CONSOLA/(2656:2656): TETE
[INFO] 15:11:06:374 CONSOLA/(2656:2656): EXIT
[INFO] 15:13:58:964 CONSOLA/(2951:2951): Valores de configuracion leidos correctamente
[INFO] 15:13:59:006 CONSOLA/(2951:2951): SET
[INFO] 15:13:59:009 CONSOLA/(2951:2951): BX
[INFO] 15:13:59:011 CONSOLA/(2951:2951): TETE
[INFO] 15:13:59:012 CONSOLA/(2951:2951): EXIT
[INFO] 15:18:14:521 CONSOLA/(3246:3246): Valores de configuracion leidos correctamente
[INFO] 15:18:14:564 CONSOLA/(3246:3246): SET
[INFO] 15:18:14:566 CONSOLA/(3246:3246): BX
[INFO] 15:18:14:568 CONSOLA/(3246:3246): TETE
[INFO] 15:18:14:569 CONSOLA/(3246:3246): EXIT
[INFO] 15:20:54:115 CONSOLA/(3440:3440): Valores de configuracion leidos correctamente
[INFO] 15:20:54:157 CONSOLA/(3440:3440): SET
[INFO] 15:20:54:159 CONSOLA/(3440:3440): BX
[INFO] 15:20:54:161 CONSOLA/(3440:3440): TETE
[INFO] 15:20:54:163 CONSOLA/(3440:3440): EXIT
[INFO] 15:21:36:092 CONSOLA/(3542:3542): Valores de configuracion leidos correctamente
[INFO] 15:21:36:135 CONSOLA/(3542:3542): SET
[INFO] 15:21:36:137 CONSOLA/(3542:3542): BX
[INFO] 15:21:36:139 CONSOLA/(3542:3542): TETE
[INFO] 15:21:36:140 CONSOLA/(3542:3542): EXIT
[INFO] 15:22:52:439 CONSOLA/(3631:3631): Valores de configuracion leidos correctamente
[INFO] 15:22:52:439 CONSOLA/(3631:3631): SET
[INFO] 15:22:52:439 CONSOLA/(3631:3631): BX
[INFO] 15:22:52:439 CONSOLA/(3631:3631): TETE
[INFO] 15:22:52:439 CONSOLA/(3631:3631): EXIT
[INFO] 15:23:25:621 CONSOLA/(3669:3669): Valores de configuracion leidos correctamente
[INFO] 15:23:25:663 CONSOLA/(3669:3669): SET
[INFO] 15:23:25:665 CONSOLA/(3669:3669): BX
[INFO] 15:23:25:668 CONSOLA/(3669:3669): TETE
[INFO] 15:23:25:670 CONSOLA/(3669:3669): EXIT
[INFO] 15:32:10:667 CONSOLA/(3878:3878): Valores de configuracion leidos correctamente
[INFO] 15:32:10:708 CONSOLA/(3878:3878): SET
[INFO] 15:32:10:710 CONSOLA/(3878:3878): BX
[INFO] 15:32:10:712 CONSOLA/(3878:3878): TETE
[INFO] 15:32:10:714 CONSOLA/(3878:3878): EXIT
[INFO] 15:34:57:568 CONSOLA/(4075:4075): Valores de configuracion leidos correctamente
[INFO] 15:34:57:610 CONSOLA/(4075:4075): SET
[INFO] 15:34:57:612 CONSOLA/(4075:4075): BX
[INFO] 15:34:57:615 CONSOLA/(4075:4075): TETE
[INFO] 15:34:57:617 CONSOLA/(4075:4075): EXIT
[INFO] 15:38:00:481 CONSOLA/(4315:4315): Valores de configuracion leidos correctamente
[INFO] 15:38:00:481 CONSOLA/(4315:4315): SET
[INFO] 15:38:00:481 CONSOLA/(4315:4315): SETb
[INFO] 15:38:00:481 CONSOLA/(4315:4315): BX
[INFO] 15:38:00:481 CONSOLA/(4315:4315): TETE
[INFO] 15:38:00:481 CONSOLA/(4315:4315): EXIT

[INFO] 15:38:00:481 CONSOLA/(4315:4315): EXIT
V
[INFO] 15:38:52:190 CONSOLA/(4362:4362): Valores de configuracion leidos correctamente
[INFO] 15:38:52:190 CONSOLA/(4362:4362): SET
[INFO] 15:38:52:190 CONSOLA/(4362:4362): SEÐ]
[INFO] 15:38:52:191 CONSOLA/(4362:4362): BX
[INFO] 15:38:52:191 CONSOLA/(4362:4362): TETE
[INFO] 15:38:52:191 CONSOLA/(4362:4362): EXIT

[INFO] 15:38:52:191 CONSOLA/(4362:4362): EXITØU
[INFO] 15:39:16:751 CONSOLA/(4409:4409): Valores de configuracion leidos correctamente
[INFO] 15:39:16:751 CONSOLA/(4409:4409): SET
[INFO] 15:39:16:751 CONSOLA/(4409:4409): SET
[INFO] 15:39:16:752 CONSOLA/(4409:4409): BX
[INFO] 15:39:16:752 CONSOLA/(4409:4409): TETE
[INFO] 15:39:16:752 CONSOLA/(4409:4409): EXIT

[INFO] 15:39:16:752 CONSOLA/(4409:4409): EXIT

[INFO] 15:41:02:097 CONSOLA/(4694:4694): Valores de configuracion leidos correctamente
[INFO] 15:41:02:097 CONSOLA/(4694:4694): SET
[INFO] 15:41:02:097 CONSOLA/(4694:4694): SET
[INFO] 15:41:02:097 CONSOLA/(4694:4694): BX
[INFO] 15:41:02:097 CONSOLA/(4694:4694): BX
[INFO] 15:41:02:097 CONSOLA/(4694:4694): TETE

[INFO] 15:41:02:097 CONSOLA/(4694:4694): TETE

[INFO] 15:41:02:097 CONSOLA/(4694:4694): EXIT

[INFO] 15:41:02:097 CONSOLA/(4694:4694): EXIT

[INFO] 15:41:26:947 CONSOLA/(4734:4734): Valores de configuracion leidos correctamente
[INFO] 15:41:26:947 CONSOLA/(4734:4734): SET
[INFO] 15:41:26:947 CONSOLA/(4734:4734): SET
[INFO] 15:41:26:947 CONSOLA/(4734:4734): BX
[INFO] 15:41:26:947 CONSOLA/(4734:4734): BX
[INFO] 15:41:26:947 CONSOLA/(4734:4734): TETE

[INFO] 15:41:26:947 CONSOLA/(4734:4734): TETE

[INFO] 15:41:26:947 CONSOLA/(4734:4734): EXIT

[INFO] 15:41:26:947 CONSOLA/(4734:4734): EXIT

[INFO] 15:45:40:902 CONSOLA/(5037:5037): Valores de configuracion leidos correctamente
[INFO] 15:45:40:902 CONSOLA/(5037:5037): SET
[INFO] 15:45:40:902 CONSOLA/(5037:5037): SET
[INFO] 15:45:40:902 CONSOLA/(5037:5037): BX
[INFO] 15:45:40:902 CONSOLA/(5037:5037): BX
[INFO] 15:45:40:902 CONSOLA/(5037:5037): TETE
[INFO] 15:45:40:902 CONSOLA/(5037:5037): TETE
[INFO] 15:45:40:902 CONSOLA/(5037:5037): EXIT

[INFO] 15:45:40:903 CONSOLA/(5037:5037): EXIT

[INFO] 15:46:14:136 CONSOLA/(5093:5093): Valores de configuracion leidos correctamente
[INFO] 15:46:14:136 CONSOLA/(5093:5093): SET
[INFO] 15:46:14:136 CONSOLA/(5093:5093): SET
[INFO] 15:46:14:136 CONSOLA/(5093:5093): BX
[INFO] 15:46:14:136 CONSOLA/(5093:5093): BX
[INFO] 15:46:14:136 CONSOLA/(5093:5093): TETE
[INFO] 15:46:14:136 CONSOLA/(5093:5093): TETE
[INFO] 15:46:14:137 CONSOLA/(5093:5093): EXIT

[INFO] 15:46:14:137 CONSOLA/(5093:5093): EXIT

[ERROR] 15:46:34:174 CONSOLA/(5111:5111): Falta parametro del path del archivo de configuracion
[INFO] 15:46:51:442 CONSOLA/(5150:5150): Valores de configuracion leidos correctamente
[INFO] 15:46:51:484 CONSOLA/(5150:5150): SET
[INFO] 15:46:51:485 CONSOLA/(5150:5150): SET
[INFO] 15:46:51:486 CONSOLA/(5150:5150): BX
[INFO] 15:46:51:486 CONSOLA/(5150:5150): BX
[INFO] 15:46:51:489 CONSOLA/(5150:5150): BX
[INFO] 15:46:51:489 CONSOLA/(5150:5150): TETE
[INFO] 15:46:51:491 CONSOLA/(5150:5150): EXIT

[INFO] 15:46:51:491 CONSOLA/(5150:5150): EXIT

[INFO] 15:55:27:165 CONSOLA/(5944:5944): Valores de configuracion leidos correctamente
[INFO] 15:55:27:206 CONSOLA/(5944:5944): SET
[INFO] 15:55:27:208 CONSOLA/(5944:5944): SET
[INFO] 15:55:27:208 CONSOLA/(5944:5944): BX
[INFO] 15:55:27:209 CONSOLA/(5944:5944): BX
[INFO] 15:55:27:211 CONSOLA/(5944:5944): TETE
[INFO] 15:55:27:211 CONSOLA/(5944:5944): TETE
[INFO] 15:55:27:213 CONSOLA/(5944:5944): EXIT
[INFO] 15:55:27:213 CONSOLA/(5944:5944): EXIT
[INFO] 15:58:31:279 CONSOLA/(6117:6117): Valores de configuracion leidos correctamente
[INFO] 15:58:31:322 CONSOLA/(6117:6117): SET
[INFO] 15:58:31:323 CONSOLA/(6117:6117): SET
[INFO] 15:58:31:324 CONSOLA/(6117:6117): BX
[INFO] 15:58:31:324 CONSOLA/(6117:6117): BX
[INFO] 15:58:31:326 CONSOLA/(6117:6117): TETE
[INFO] 15:58:31:327 CONSOLA/(6117:6117): TETE
[INFO] 15:58:31:329 CONSOLA/(6117:6117): EXIT
[INFO] 15:58:31:329 CONSOLA/(6117:6117): EXIT
[INFO] 15:58:56:660 CONSOLA/(6200:6200): Valores de configuracion leidos correctamente
[INFO] 15:58:56:702 CONSOLA/(6200:6200): SET
[INFO] 15:58:56:703 CONSOLA/(6200:6200): SET
[INFO] 15:58:56:704 CONSOLA/(6200:6200): BX
[INFO] 15:58:56:704 CONSOLA/(6200:6200): BX
[INFO] 15:58:56:706 CONSOLA/(6200:6200): TETE
[INFO] 15:58:56:707 CONSOLA/(6200:6200): TETE
[INFO] 15:58:56:709 CONSOLA/(6200:6200): EXIT
[INFO] 15:58:56:709 CONSOLA/(6200:6200): EXIT
[INFO] 16:07:42:663 CONSOLA/(6515:6515): Valores de configuracion leidos correctamente
[INFO] 16:31:17:888 CONSOLA/(6750:6750): Valores de configuracion leidos correctamente
[ERROR] 16:31:56:552 CONSOLA/(6750:6750): Error en la ejecucion
[INFO] 16:33:07:301 CONSOLA/(6848:6848): Valores de configuracion leidos correctamente
[INFO] 16:33:14:870 CONSOLA/(6863:6863): Valores de configuracion leidos correctamente
[INFO] 16:35:57:733 CONSOLA/(6945:6945): Valores de configuracion leidos correctamente
[ERROR] 16:36:53:255 CONSOLA/(6945:6945): Error en la ejecucion
[INFO] 18:40:42:710 CONSOLA/(7325:7325): Valores de configuracion leidos correctamente
[ERROR] 18:40:44:713 CONSOLA/(7325:7325): Ejecucion terminada
[INFO] 18:43:06:608 CONSOLA/(7588:7588): Valores de configuracion leidos correctamente
[ERROR] 18:43:14:938 CONSOLA/(7588:7588): Error en la ejecucion
[ERROR] 15:56:02:892 CONSOLA/(2747:2747): Falta parametro del path del archivo de configuracion
[ERROR] 15:56:17:236 CONSOLA/(2768:2768): Falta parametro del path del archivo de configuracion
[INFO] 15:56:44:976 CONSOLA/(2805:2805): Valores de configuracion leidos correctamente
[INFO] 15:56:47:037 CONSOLA/(2805:2805): Ejecucion terminada
[INFO] 16:17:21:257 CONSOLA/(3122:3122): Valores de configuracion leidos correctamente
[INFO] 16:17:23:331 CONSOLA/(3122:3122): Ejecucion terminada
[INFO] 16:17:50:827 CONSOLA/(3188:3188): Valores de configuracion leidos correctamente
[INFO] 16:17:52:888 CONSOLA/(3188:3188): Ejecucion terminada
[INFO] 16:23:00:443 CONSOLA/(3551:3551): Valores de configuracion leidos correctamente
[INFO] 16:23:02:446 CONSOLA/(3551:3551): Ejecucion terminada
