[INFO] 01:36:46:490 CPU/(7163:7163): Valores de configuracion leidos correctamente
[INFO] 01:36:46:490 CPU/(7163:7163): Memoria
[INFO] 01:36:46:490 CPU/(7163:7163): Se establecio correctamente la conexion
[INFO] 01:36:46:490 CPU/(7163:7163): Cpu lista para recibir al Kernel
[INFO] 01:37:02:399 CPU/(7163:7163): Se conecto el Kernel
[INFO] 01:37:02:399 CPU/(7163:7163): Handshake de Kernel recibido correctamente
[INFO] 01:37:13:737 CPU/(7163:7163): PID: 0
[INFO] 01:37:13:738 CPU/(7163:7163): Ejecutando SET - [AX AAAA]
[INFO] 01:37:14:738 CPU/(7163:7163): Ejecutando SET - [BX BBBB]
[INFO] 01:37:15:738 CPU/(7163:7163): Ejecutando SET - [CX CCCC]
[INFO] 01:37:16:738 CPU/(7163:7163): Ejecutando SET - [DX DDDD]
[INFO] 01:37:17:739 CPU/(7163:7163): Ejecutando SET - [EAX AAAAAAAA]
[INFO] 01:37:18:739 CPU/(7163:7163): Ejecutando SET - [EBX BBBBBBBB]
[INFO] 01:37:19:740 CPU/(7163:7163): Ejecutando SET - [ECX CCCCCCCC]
[INFO] 01:37:20:740 CPU/(7163:7163): Ejecutando SET - [EDX DDDDDDDD]
[INFO] 01:37:21:741 CPU/(7163:7163): Ejecutando SET - [RAX AAAAAAAAAAAAAAAA]
[INFO] 01:37:22:741 CPU/(7163:7163): Ejecutando SET - [RBX BBBBBBBBBBBBBBBB]
[INFO] 01:37:23:741 CPU/(7163:7163): Ejecutando SET - [RCX CCCCCCCCCCCCCCCC]
[INFO] 01:37:24:742 CPU/(7163:7163): Ejecutando SET - [RDX DDDDDDDDDDDDDDDD]
[INFO] 01:37:25:742 CPU/(7163:7163): Ejecutando YIELD
[INFO] 01:37:26:746 CPU/(7163:7163): PID: 0
[INFO] 01:37:26:747 CPU/(7163:7163): Ejecutando SET - [RAX TCHOUAMENIAFUERA]
[INFO] 01:37:27:747 CPU/(7163:7163): Ejecutando SET - [RBX SEGUNDO_FRANCIA_]
[INFO] 01:37:28:747 CPU/(7163:7163): Ejecutando EXIT
