[INFO] 16:39:42:860 MEMORIA/(3450:3450): Valores de configuracion leidos correctamente
[INFO] 16:39:42:861 MEMORIA/(3450:3450): Memoria lista para recibir al CPU, Kernel o File System
[INFO] 16:40:20:429 MEMORIA/(3584:3584): Valores de configuracion leidos correctamente
[INFO] 16:40:20:429 MEMORIA/(3584:3584): Memoria lista para recibir al CPU, Kernel o File System
[INFO] 16:45:32:983 MEMORIA/(3689:3689): Valores de configuracion leidos correctamente
[INFO] 16:45:32:985 MEMORIA/(3689:3689): Memoria lista para recibir al CPU, Kernel o File System
[INFO] 16:46:29:927 MEMORIA/(3769:3769): Valores de configuracion leidos correctamente
[INFO] 16:46:29:928 MEMORIA/(3769:3769): Memoria lista para recibir al CPU, Kernel o File System
[INFO] 16:48:00:693 MEMORIA/(3844:3844): Valores de configuracion leidos correctamente
[INFO] 16:48:00:693 MEMORIA/(3844:3844): Memoria lista para recibir al CPU, Kernel o File System
[INFO] 16:48:33:339 MEMORIA/(3963:3963): Valores de configuracion leidos correctamente
[INFO] 16:48:33:339 MEMORIA/(3963:3963): Memoria lista para recibir al CPU, Kernel o File System
[INFO] 16:48:58:083 MEMORIA/(4051:4051): Valores de configuracion leidos correctamente
[INFO] 16:48:58:085 MEMORIA/(4051:4051): Memoria lista para recibir al CPU, Kernel o File System
[INFO] 16:49:19:056 MEMORIA/(4135:4135): Valores de configuracion leidos correctamente
[INFO] 16:49:19:057 MEMORIA/(4135:4135): Memoria lista para recibir al CPU, Kernel o File System
[INFO] 16:51:08:187 MEMORIA/(4224:4224): Valores de configuracion leidos correctamente
[INFO] 16:51:08:187 MEMORIA/(4224:4224): Memoria lista para recibir al CPU, Kernel o File System
[INFO] 16:51:30:975 MEMORIA/(4291:4291): Valores de configuracion leidos correctamente
[INFO] 16:51:30:976 MEMORIA/(4291:4291): Memoria lista para recibir al CPU, Kernel o File System
[INFO] 16:52:08:799 MEMORIA/(4379:4379): Valores de configuracion leidos correctamente
[INFO] 16:52:08:801 MEMORIA/(4379:4379): Memoria lista para recibir al CPU, Kernel o File System
[INFO] 16:52:22:547 MEMORIA/(4434:4434): Valores de configuracion leidos correctamente
[INFO] 16:52:22:547 MEMORIA/(4434:4434): Memoria lista para recibir al CPU, Kernel o File System
[INFO] 16:52:45:169 MEMORIA/(4488:4488): Valores de configuracion leidos correctamente
[INFO] 16:52:45:170 MEMORIA/(4488:4488): Memoria lista para recibir al CPU, Kernel o File System
[INFO] 16:52:45:174 MEMORIA/(4488:4488): Se conecto un cliente!
[INFO] 16:52:45:176 MEMORIA/(4488:4490): Thread iniciado correctamente
[INFO] 16:52:45:178 MEMORIA/(4488:4490): Handshake de File System recibido correctamente
[INFO] 16:53:46:239 MEMORIA/(4606:4606): Valores de configuracion leidos correctamente
[INFO] 16:53:46:242 MEMORIA/(4606:4606): Memoria lista para recibir al CPU, Kernel o File System
[INFO] 16:53:46:248 MEMORIA/(4606:4606): Se conecto un cliente!
[INFO] 16:53:46:252 MEMORIA/(4606:4606): Se conecto un cliente!
[INFO] 16:53:46:258 MEMORIA/(4606:4610): Thread iniciado correctamente
[INFO] 16:53:46:259 MEMORIA/(4606:4606): Se conecto un cliente!
[INFO] 16:53:46:262 MEMORIA/(4606:4610): Handshake de CPU recibido correctamente
[INFO] 16:53:46:266 MEMORIA/(4606:4617): Thread iniciado correctamente
[INFO] 16:53:46:266 MEMORIA/(4606:4617): Handshake de Kernel recibido correctamente
[INFO] 16:53:46:266 MEMORIA/(4606:4611): Thread iniciado correctamente
[INFO] 16:53:46:266 MEMORIA/(4606:4611): Handshake de File System recibido correctamente
[INFO] 16:55:08:293 MEMORIA/(4743:4743): Valores de configuracion leidos correctamente
[INFO] 16:55:08:295 MEMORIA/(4743:4743): Memoria lista para recibir al CPU, Kernel o File System
[INFO] 16:55:08:302 MEMORIA/(4743:4743): Se conecto un cliente!
[INFO] 16:55:08:306 MEMORIA/(4743:4743): Se conecto un cliente!
[INFO] 16:55:08:307 MEMORIA/(4743:4747): Thread iniciado correctamente
[INFO] 16:55:08:307 MEMORIA/(4743:4747): Handshake de CPU recibido correctamente
[INFO] 16:55:08:310 MEMORIA/(4743:4753): Thread iniciado correctamente
[INFO] 16:55:08:311 MEMORIA/(4743:4753): Handshake de Kernel recibido correctamente
[INFO] 16:55:24:066 MEMORIA/(4815:4815): Valores de configuracion leidos correctamente
[INFO] 16:55:24:066 MEMORIA/(4815:4815): Memoria lista para recibir al CPU, Kernel o File System
[INFO] 16:55:24:069 MEMORIA/(4815:4815): Se conecto un cliente!
[INFO] 16:55:24:069 MEMORIA/(4815:4815): Se conecto un cliente!
[INFO] 16:55:24:073 MEMORIA/(4815:4825): Thread iniciado correctamente
[INFO] 16:55:24:074 MEMORIA/(4815:4825): Handshake de Kernel recibido correctamente
[INFO] 16:55:24:074 MEMORIA/(4815:4819): Thread iniciado correctamente
[INFO] 16:55:24:078 MEMORIA/(4815:4819): Handshake de CPU recibido correctamente
[INFO] 16:56:07:561 MEMORIA/(4905:4905): Valores de configuracion leidos correctamente
[INFO] 16:56:07:561 MEMORIA/(4905:4905): Memoria lista para recibir al CPU, Kernel o File System
[INFO] 16:56:08:562 MEMORIA/(4905:4905): Se conecto un cliente!
[INFO] 16:56:08:562 MEMORIA/(4905:4905): Se conecto un cliente!
[INFO] 16:56:08:562 MEMORIA/(4905:4915): Thread iniciado correctamente
[INFO] 16:56:08:562 MEMORIA/(4905:4915): Handshake de File System recibido correctamente
[INFO] 16:56:08:562 MEMORIA/(4905:4914): Thread iniciado correctamente
[INFO] 16:56:08:562 MEMORIA/(4905:4914): Handshake de CPU recibido correctamente
[INFO] 16:56:08:567 MEMORIA/(4905:4905): Se conecto un cliente!
[INFO] 16:56:08:578 MEMORIA/(4905:4921): Thread iniciado correctamente
[INFO] 16:56:08:579 MEMORIA/(4905:4921): Handshake de Kernel recibido correctamente
[INFO] 16:56:54:110 MEMORIA/(5142:5142): Valores de configuracion leidos correctamente
[INFO] 16:56:54:110 MEMORIA/(5142:5142): Memoria lista para recibir al CPU, Kernel o File System
[INFO] 16:57:00:278 MEMORIA/(5142:5142): Se conecto un cliente!
[INFO] 16:57:00:281 MEMORIA/(5142:5165): Thread iniciado correctamente
[INFO] 16:57:00:282 MEMORIA/(5142:5165): Handshake de File System recibido correctamente
[INFO] 16:57:44:967 MEMORIA/(5339:5339): Valores de configuracion leidos correctamente
[INFO] 16:57:44:968 MEMORIA/(5339:5339): Memoria lista para recibir al CPU, Kernel o File System
[INFO] 16:57:46:972 MEMORIA/(5339:5339): Se conecto un cliente!
[INFO] 16:57:46:972 MEMORIA/(5339:5361): Thread iniciado correctamente
[INFO] 16:57:46:972 MEMORIA/(5339:5361): Handshake de File System recibido correctamente
[INFO] 16:57:47:974 MEMORIA/(5339:5339): Se conecto un cliente!
[INFO] 16:57:47:975 MEMORIA/(5339:5365): Thread iniciado correctamente
[INFO] 16:57:47:976 MEMORIA/(5339:5365): Handshake de CPU recibido correctamente
[INFO] 16:57:48:975 MEMORIA/(5339:5339): Se conecto un cliente!
[INFO] 16:57:48:977 MEMORIA/(5339:5380): Thread iniciado correctamente
[INFO] 16:57:48:987 MEMORIA/(5339:5380): Handshake de Kernel recibido correctamente
[INFO] 16:58:20:272 MEMORIA/(5476:5476): Valores de configuracion leidos correctamente
[INFO] 16:58:20:273 MEMORIA/(5476:5476): Memoria lista para recibir al CPU, Kernel o File System
[INFO] 16:58:25:814 MEMORIA/(5476:5476): Se conecto un cliente!
[INFO] 16:58:25:818 MEMORIA/(5476:5501): Thread iniciado correctamente
[INFO] 16:58:25:820 MEMORIA/(5476:5501): Handshake de File System recibido correctamente
[INFO] 16:58:39:726 MEMORIA/(5476:5476): Se conecto un cliente!
[INFO] 16:58:39:726 MEMORIA/(5476:5563): Thread iniciado correctamente
[INFO] 16:58:39:727 MEMORIA/(5476:5563): Handshake de CPU recibido correctamente
[INFO] 16:58:50:019 MEMORIA/(5476:5476): Se conecto un cliente!
[INFO] 16:58:50:024 MEMORIA/(5476:5639): Thread iniciado correctamente
[INFO] 16:58:50:026 MEMORIA/(5476:5639): Handshake de Kernel recibido correctamente
[INFO] 16:59:51:593 MEMORIA/(5787:5787): Valores de configuracion leidos correctamente
[INFO] 16:59:51:594 MEMORIA/(5787:5787): Memoria lista para recibir al CPU, Kernel o File System
[INFO] 16:59:59:985 MEMORIA/(5787:5787): Se conecto un cliente!
[INFO] 16:59:59:986 MEMORIA/(5787:5820): Thread iniciado correctamente
[INFO] 16:59:59:989 MEMORIA/(5787:5820): Handshake de File System recibido correctamente
[INFO] 17:00:11:736 MEMORIA/(5787:5787): Se conecto un cliente!
[INFO] 17:00:11:737 MEMORIA/(5787:5865): Thread iniciado correctamente
[INFO] 17:00:11:738 MEMORIA/(5787:5865): Handshake de CPU recibido correctamente
[INFO] 17:00:20:002 MEMORIA/(5787:5787): Se conecto un cliente!
[INFO] 17:00:20:010 MEMORIA/(5787:5903): Thread iniciado correctamente
[INFO] 17:00:20:013 MEMORIA/(5787:5903): Handshake de Kernel recibido correctamente
[INFO] 17:01:43:913 MEMORIA/(6075:6075): Valores de configuracion leidos correctamente
[INFO] 17:01:43:913 MEMORIA/(6075:6075): Memoria lista para recibir al CPU, Kernel o File System
[INFO] 17:01:58:157 MEMORIA/(6075:6075): Se conecto un cliente!
[INFO] 17:01:58:157 MEMORIA/(6075:6134): Thread iniciado correctamente
[INFO] 17:01:58:157 MEMORIA/(6075:6134): Handshake de File System recibido correctamente
[INFO] 17:02:05:392 MEMORIA/(6075:6075): Se conecto un cliente!
[INFO] 17:02:05:393 MEMORIA/(6075:6164): Thread iniciado correctamente
[INFO] 17:02:05:393 MEMORIA/(6075:6164): Handshake de CPU recibido correctamente
[INFO] 17:02:14:955 MEMORIA/(6075:6075): Se conecto un cliente!
[INFO] 17:02:14:965 MEMORIA/(6075:6215): Thread iniciado correctamente
[INFO] 17:02:14:965 MEMORIA/(6075:6215): Handshake de Kernel recibido correctamente
[INFO] 17:04:26:607 MEMORIA/(6349:6349): Valores de configuracion leidos correctamente
[INFO] 17:04:26:608 MEMORIA/(6349:6349): Memoria lista para recibir al CPU, Kernel o File System
[INFO] 17:04:28:631 MEMORIA/(6349:6349): Se conecto un cliente!
[INFO] 17:04:28:631 MEMORIA/(6349:6371): Thread iniciado correctamente
[INFO] 17:04:28:632 MEMORIA/(6349:6371): Handshake de File System recibido correctamente
[INFO] 17:04:29:620 MEMORIA/(6349:6349): Se conecto un cliente!
[INFO] 17:04:29:620 MEMORIA/(6349:6375): Thread iniciado correctamente
[INFO] 17:04:29:622 MEMORIA/(6349:6375): Handshake de CPU recibido correctamente
[INFO] 17:04:30:614 MEMORIA/(6349:6349): Se conecto un cliente!
[INFO] 17:04:30:615 MEMORIA/(6349:6390): Thread iniciado correctamente
[INFO] 17:04:30:629 MEMORIA/(6349:6390): Handshake de Kernel recibido correctamente
[INFO] 17:05:10:391 MEMORIA/(6467:6467): Valores de configuracion leidos correctamente
[INFO] 17:05:10:392 MEMORIA/(6467:6467): Memoria lista para recibir al CPU, Kernel o File System
[INFO] 17:05:12:392 MEMORIA/(6467:6467): Se conecto un cliente!
[INFO] 17:05:12:393 MEMORIA/(6467:6492): Thread iniciado correctamente
[INFO] 17:05:12:393 MEMORIA/(6467:6492): Handshake de File System recibido correctamente
[INFO] 17:05:14:395 MEMORIA/(6467:6467): Se conecto un cliente!
[INFO] 17:05:14:395 MEMORIA/(6467:6496): Thread iniciado correctamente
[INFO] 17:05:14:396 MEMORIA/(6467:6496): Handshake de CPU recibido correctamente
[INFO] 17:05:15:408 MEMORIA/(6467:6467): Se conecto un cliente!
[INFO] 17:05:15:410 MEMORIA/(6467:6511): Thread iniciado correctamente
[INFO] 17:05:15:412 MEMORIA/(6467:6511): Handshake de Kernel recibido correctamente
[INFO] 17:08:25:483 MEMORIA/(7151:7151): Valores de configuracion leidos correctamente
[INFO] 17:08:25:484 MEMORIA/(7151:7151): Memoria lista para recibir al CPU, Kernel o File System
[INFO] 17:08:27:489 MEMORIA/(7151:7151): Se conecto un cliente!
[INFO] 17:08:27:490 MEMORIA/(7151:7176): Thread iniciado correctamente
[INFO] 17:08:27:491 MEMORIA/(7151:7176): Handshake de File System recibido correctamente
[INFO] 17:08:29:491 MEMORIA/(7151:7151): Se conecto un cliente!
[INFO] 17:08:29:491 MEMORIA/(7151:7180): Thread iniciado correctamente
[INFO] 17:08:29:492 MEMORIA/(7151:7180): Handshake de CPU recibido correctamente
[INFO] 17:08:30:489 MEMORIA/(7151:7151): Se conecto un cliente!
[INFO] 17:08:30:490 MEMORIA/(7151:7195): Thread iniciado correctamente
[INFO] 17:08:30:490 MEMORIA/(7151:7195): Handshake de Kernel recibido correctamente
